error: undefined {"command":"SETEX","args":[{"role":0,"_id":"5f2689a4dcb23f6ab045c860","email":"abhishek@gmail.com","createdAt":"2020-08-02T09:38:44.251Z","updatedAt":"2020-08-27T23:19:07.371Z","name":"Abhishek Kumar"},3600,{"role":0,"_id":"5f2689a4dcb23f6ab045c860","email":"abhishek@gmail.com","createdAt":"2020-08-02T09:38:44.251Z","updatedAt":"2020-08-27T23:19:07.371Z","name":"Abhishek Kumar"}],"timestamp":"2020-08-28T09:53:32.951Z"}
error: undefined {"command":"SETEX","args":[{"role":0,"_id":"5f2689a4dcb23f6ab045c860","email":"abhishek@gmail.com","createdAt":"2020-08-02T09:38:44.251Z","updatedAt":"2020-08-27T23:19:07.371Z","name":"Abhishek Kumar"},3600,{"role":0,"_id":"5f2689a4dcb23f6ab045c860","email":"abhishek@gmail.com","createdAt":"2020-08-02T09:38:44.251Z","updatedAt":"2020-08-27T23:19:07.371Z","name":"Abhishek Kumar"}],"timestamp":"2020-08-28T09:55:01.024Z"}
error: undefined {"command":"SETEX","args":[{"role":0,"_id":"5f2689a4dcb23f6ab045c860","email":"abhishek@gmail.com","createdAt":"2020-08-02T09:38:44.251Z","updatedAt":"2020-08-28T09:58:25.775Z","name":"Abhishek Kumar"},3600,{"role":0,"_id":"5f2689a4dcb23f6ab045c860","email":"abhishek@gmail.com","createdAt":"2020-08-02T09:38:44.251Z","updatedAt":"2020-08-28T09:58:25.775Z","name":"Abhishek Kumar"}],"timestamp":"2020-08-28T10:04:22.581Z"}
error: undefined {"command":"SETEX","args":[{"role":0,"_id":"5f2689a4dcb23f6ab045c860","email":"abhishek@gmail.com","createdAt":"2020-08-02T09:38:44.251Z","updatedAt":"2020-08-28T09:58:25.775Z","name":"Abhishek Kumar"},3600,{"role":0,"_id":"5f2689a4dcb23f6ab045c860","email":"abhishek@gmail.com","createdAt":"2020-08-02T09:38:44.251Z","updatedAt":"2020-08-28T09:58:25.775Z","name":"Abhishek Kumar"}],"timestamp":"2020-08-28T10:04:23.916Z"}
error: undefined {"command":"SETEX","args":[{"role":0,"_id":"5f2689a4dcb23f6ab045c860","email":"abhishek@gmail.com","createdAt":"2020-08-02T09:38:44.251Z","updatedAt":"2020-08-28T10:04:27.449Z","name":"Abhishek Kumar"},3600,{"role":0,"_id":"5f2689a4dcb23f6ab045c860","email":"abhishek@gmail.com","createdAt":"2020-08-02T09:38:44.251Z","updatedAt":"2020-08-28T10:04:27.449Z","name":"Abhishek Kumar"}],"timestamp":"2020-08-28T10:04:33.557Z"}
error: undefined {"command":"SETEX","args":[{"role":0,"_id":"5f2689a4dcb23f6ab045c860","email":"abhishek@gmail.com","createdAt":"2020-08-02T09:38:44.251Z","updatedAt":"2020-08-28T10:04:43.521Z","name":"Abhishek Kumar"},3600,{"role":0,"_id":"5f2689a4dcb23f6ab045c860","email":"abhishek@gmail.com","createdAt":"2020-08-02T09:38:44.251Z","updatedAt":"2020-08-28T10:04:43.521Z","name":"Abhishek Kumar"}],"timestamp":"2020-08-28T10:04:48.179Z"}
error: undefined {"command":"SETEX","args":[{"role":0,"_id":"5f2689a4dcb23f6ab045c860","email":"abhishek@gmail.com","createdAt":"2020-08-02T09:38:44.251Z","updatedAt":"2020-08-28T10:04:43.521Z","name":"Abhishek Kumar"},3600,{"role":0,"_id":"5f2689a4dcb23f6ab045c860","email":"abhishek@gmail.com","createdAt":"2020-08-02T09:38:44.251Z","updatedAt":"2020-08-28T10:04:43.521Z","name":"Abhishek Kumar"}],"timestamp":"2020-08-28T10:04:49.369Z"}
error: undefined {"command":"SETEX","args":[{"role":0,"_id":"5f2689a4dcb23f6ab045c860","email":"abhishek@gmail.com","createdAt":"2020-08-02T09:38:44.251Z","updatedAt":"2020-08-28T10:04:57.236Z","name":"Abhishek Kumar"},3600,{"role":0,"_id":"5f2689a4dcb23f6ab045c860","email":"abhishek@gmail.com","createdAt":"2020-08-02T09:38:44.251Z","updatedAt":"2020-08-28T10:04:57.236Z","name":"Abhishek Kumar"}],"timestamp":"2020-08-28T10:06:10.186Z"}
error: undefined {"command":"SETEX","args":[{"role":0,"_id":"5f2689a4dcb23f6ab045c860","email":"abhishek@gmail.com","createdAt":"2020-08-02T09:38:44.251Z","updatedAt":"2020-08-28T10:04:57.236Z","name":"Abhishek Kumar"},3600,{"role":0,"_id":"5f2689a4dcb23f6ab045c860","email":"abhishek@gmail.com","createdAt":"2020-08-02T09:38:44.251Z","updatedAt":"2020-08-28T10:04:57.236Z","name":"Abhishek Kumar"}],"timestamp":"2020-08-28T10:07:03.012Z"}
error: undefined {"command":"SETEX","args":[{"role":0,"_id":"5f2689a4dcb23f6ab045c860","email":"abhishek@gmail.com","createdAt":"2020-08-02T09:38:44.251Z","updatedAt":"2020-08-28T10:07:42.316Z","name":"Abhishek Kumar"},3600,{"role":0,"_id":"5f2689a4dcb23f6ab045c860","email":"abhishek@gmail.com","createdAt":"2020-08-02T09:38:44.251Z","updatedAt":"2020-08-28T10:07:42.316Z","name":"Abhishek Kumar"}],"timestamp":"2020-08-28T10:08:25.581Z"}
error: undefined {"command":"SETEX","args":[{"role":0,"_id":"5f2689a4dcb23f6ab045c860","email":"abhishek@gmail.com","createdAt":"2020-08-02T09:38:44.251Z","updatedAt":"2020-08-28T10:07:42.316Z","name":"Abhishek Kumar"},3600,{"role":0,"_id":"5f2689a4dcb23f6ab045c860","email":"abhishek@gmail.com","createdAt":"2020-08-02T09:38:44.251Z","updatedAt":"2020-08-28T10:07:42.316Z","name":"Abhishek Kumar"}],"timestamp":"2020-08-28T10:09:01.763Z"}
error: undefined {"command":"SETEX","args":[{"role":0,"_id":"5f2689a4dcb23f6ab045c860","email":"abhishek@gmail.com","createdAt":"2020-08-02T09:38:44.251Z","updatedAt":"2020-08-28T10:07:42.316Z","name":"Abhishek Kumar"},3600,{"role":0,"_id":"5f2689a4dcb23f6ab045c860","email":"abhishek@gmail.com","createdAt":"2020-08-02T09:38:44.251Z","updatedAt":"2020-08-28T10:07:42.316Z","name":"Abhishek Kumar"}],"timestamp":"2020-08-28T10:09:02.906Z"}
error: undefined {"command":"SETEX","args":[{"role":0,"_id":"5f2689a4dcb23f6ab045c860","email":"abhishek@gmail.com","createdAt":"2020-08-02T09:38:44.251Z","updatedAt":"2020-08-28T10:07:42.316Z","name":"Abhishek Kumar"},3600,{"role":0,"_id":"5f2689a4dcb23f6ab045c860","email":"abhishek@gmail.com","createdAt":"2020-08-02T09:38:44.251Z","updatedAt":"2020-08-28T10:07:42.316Z","name":"Abhishek Kumar"}],"timestamp":"2020-08-28T10:09:33.504Z"}
error: undefined {"command":"SETEX","args":[{"role":0,"_id":"5f2689a4dcb23f6ab045c860","email":"abhishek@gmail.com","createdAt":"2020-08-02T09:38:44.251Z","updatedAt":"2020-08-28T10:07:42.316Z","name":"Abhishek Kumar"},3600,{"role":0,"_id":"5f2689a4dcb23f6ab045c860","email":"abhishek@gmail.com","createdAt":"2020-08-02T09:38:44.251Z","updatedAt":"2020-08-28T10:07:42.316Z","name":"Abhishek Kumar"}],"timestamp":"2020-08-28T10:10:38.448Z"}
error: undefined {"command":"SETEX","args":[{"role":0,"_id":"5f2689a4dcb23f6ab045c860","email":"abhishek@gmail.com","createdAt":"2020-08-02T09:38:44.251Z","updatedAt":"2020-08-28T10:07:42.316Z","name":"Abhishek Kumar"},3600,{"role":0,"_id":"5f2689a4dcb23f6ab045c860","email":"abhishek@gmail.com","createdAt":"2020-08-02T09:38:44.251Z","updatedAt":"2020-08-28T10:07:42.316Z","name":"Abhishek Kumar"}],"timestamp":"2020-08-28T10:11:06.280Z"}
error: undefined {"timestamp":"2020-08-28T10:14:02.971Z"}
error: undefined {"timestamp":"2020-08-28T10:14:42.430Z"}
error: undefined {"driver":true,"name":"MongoError","index":0,"code":11000,"timestamp":"2020-08-28T11:42:30.955Z"}
error: undefined {"driver":true,"name":"MongoError","index":0,"code":11000,"timestamp":"2020-08-28T11:42:36.140Z"}
error: undefined {"timestamp":"2020-08-28T11:43:42.040Z"}
error: undefined {"timestamp":"2020-08-28T11:43:45.219Z"}
error: undefined {"timestamp":"2020-08-28T11:43:49.107Z"}
error: undefined {"timestamp":"2020-08-28T11:44:14.732Z"}
error: undefined {"timestamp":"2020-08-28T11:44:34.980Z"}
error: undefined {"timestamp":"2020-08-28T11:52:34.047Z"}
error: undefined {"timestamp":"2020-08-28T11:58:24.323Z"}
error: undefined {"timestamp":"2020-08-28T11:58:31.561Z"}
error: undefined {"timestamp":"2020-08-28T11:58:35.569Z"}
error: undefined {"timestamp":"2020-08-28T12:18:28.704Z"}
error: undefined {"timestamp":"2020-08-28T12:19:04.677Z"}
error: undefined {"timestamp":"2020-08-28T12:19:15.406Z"}
error: undefined {"timestamp":"2020-08-28T12:19:16.321Z"}
error: undefined {"timestamp":"2020-08-28T12:19:16.882Z"}
error: undefined {"timestamp":"2020-08-28T12:19:17.546Z"}
error: undefined {"timestamp":"2020-08-28T12:19:35.229Z"}
error: undefined {"timestamp":"2020-08-28T12:19:44.573Z"}
error: undefined {"timestamp":"2020-08-28T12:19:45.812Z"}
error: undefined {"code":"ERR_HTTP_HEADERS_SENT","timestamp":"2020-08-29T08:27:18.162Z"}
error: undefined {"timestamp":"2020-08-29T10:28:52.502Z"}
error: undefined {"timestamp":"2020-08-29T11:37:45.115Z"}
error: undefined {"timestamp":"2020-08-29T11:37:55.114Z"}
error: undefined {"timestamp":"2020-08-29T11:38:07.651Z"}
error: undefined {"timestamp":"2020-08-29T11:38:46.870Z"}
error: undefined {"timestamp":"2020-08-29T11:39:28.129Z"}
error: undefined {"timestamp":"2020-08-29T11:51:39.909Z"}
error: undefined {"timestamp":"2020-08-29T11:54:52.411Z"}
error: undefined {"timestamp":"2020-08-29T11:55:48.684Z"}
error: undefined {"timestamp":"2020-08-29T11:56:29.919Z"}
error: undefined {"timestamp":"2020-08-29T11:56:54.888Z"}
error: undefined {"timestamp":"2020-08-29T11:57:29.835Z"}
error: undefined {"timestamp":"2020-08-29T11:57:51.093Z"}
error: undefined {"timestamp":"2020-08-29T12:19:19.415Z"}
error: undefined {"timestamp":"2020-08-29T12:20:20.190Z"}
error: undefined {"timestamp":"2020-08-29T12:21:07.138Z"}
error: undefined {"code":"ERR_HTTP_HEADERS_SENT","timestamp":"2020-08-29T12:21:50.461Z"}
error: undefined {"code":"ERR_HTTP_HEADERS_SENT","timestamp":"2020-08-29T12:22:28.430Z"}
error: undefined {"timestamp":"2020-08-29T12:23:09.761Z"}
error: undefined {"timestamp":"2020-08-29T12:23:49.416Z"}
error: undefined {"timestamp":"2020-08-29T12:24:03.708Z"}
error: undefined {"timestamp":"2020-08-29T12:24:30.439Z"}
error: undefined {"timestamp":"2020-08-29T12:24:58.438Z"}
error: undefined {"timestamp":"2020-08-29T12:26:52.432Z"}
error: undefined {"timestamp":"2020-08-29T12:27:03.933Z"}
error: undefined {"stringValue":"\"undefined\"","kind":"ObjectId","value":"undefined","path":"_id","reason":{},"timestamp":"2020-08-29T12:38:27.568Z"}
error: undefined {"stringValue":"\"undefined\"","kind":"ObjectId","value":"undefined","path":"_id","reason":{},"timestamp":"2020-08-29T12:38:30.840Z"}
error: undefined {"stringValue":"\"undefined\"","kind":"ObjectId","value":"undefined","path":"_id","reason":{},"timestamp":"2020-08-29T12:39:43.481Z"}
error: undefined {"stringValue":"\"undefined\"","kind":"ObjectId","value":"undefined","path":"_id","reason":{},"timestamp":"2020-08-29T12:43:36.190Z"}
error: undefined {"stringValue":"\"undefined\"","kind":"ObjectId","value":"undefined","path":"_id","reason":{},"timestamp":"2020-08-29T12:44:29.452Z"}
error: undefined {"stringValue":"\"undefined\"","kind":"ObjectId","value":"undefined","path":"_id","reason":{},"timestamp":"2020-08-29T12:57:59.628Z"}
error: undefined {"stringValue":"\"undefined\"","kind":"ObjectId","value":"undefined","path":"_id","reason":{},"timestamp":"2020-08-29T13:09:21.851Z"}
error: undefined {"stringValue":"\"undefined\"","kind":"ObjectId","value":"undefined","path":"_id","reason":{},"timestamp":"2020-08-29T13:11:15.063Z"}
error: undefined {"stringValue":"\"undefined\"","kind":"ObjectId","value":"undefined","path":"_id","reason":{},"timestamp":"2020-08-29T13:47:31.232Z"}
error: undefined {"timestamp":"2020-08-30T02:05:20.764Z"}
error: undefined {"stringValue":"\"image\"","kind":"ObjectId","value":"image","path":"_id","reason":{},"timestamp":"2020-08-30T02:28:14.412Z"}
error: undefined {"stringValue":"\"image\"","kind":"ObjectId","value":"image","path":"_id","reason":{},"timestamp":"2020-08-30T02:28:27.308Z"}
error: undefined {"stringValue":"\"image\"","kind":"ObjectId","value":"image","path":"_id","reason":{},"timestamp":"2020-08-30T02:28:28.846Z"}
error: undefined {"timestamp":"2020-08-30T02:31:15.984Z"}
error: undefined {"stringValue":"\"image\"","kind":"ObjectId","value":"image","path":"_id","reason":{},"timestamp":"2020-08-30T02:33:33.271Z"}
error: undefined {"stringValue":"\"image\"","kind":"ObjectId","value":"image","path":"_id","reason":{},"timestamp":"2020-08-30T02:34:13.588Z"}
error: undefined {"stringValue":"\"image\"","kind":"ObjectId","value":"image","path":"_id","reason":{},"timestamp":"2020-08-30T02:34:28.854Z"}
error: undefined {"timestamp":"2020-08-30T02:40:53.709Z"}
error: undefined {"timestamp":"2020-08-30T02:42:22.358Z"}
error: undefined {"timestamp":"2020-08-30T02:42:25.917Z"}
error: undefined {"timestamp":"2020-08-30T02:42:28.576Z"}
error: undefined {"timestamp":"2020-08-30T02:42:30.422Z"}
error: undefined {"timestamp":"2020-08-30T02:42:33.867Z"}
error: undefined {"timestamp":"2020-08-30T02:42:38.034Z"}
error: undefined {"timestamp":"2020-08-30T02:42:39.339Z"}
error: undefined {"timestamp":"2020-08-30T02:42:46.588Z"}
error: undefined {"timestamp":"2020-08-30T02:43:15.728Z"}
error: undefined {"timestamp":"2020-08-30T02:44:18.499Z"}
error: undefined {"timestamp":"2020-08-30T02:44:18.504Z"}
error: undefined {"timestamp":"2020-08-30T02:58:33.801Z"}
error: undefined {"timestamp":"2020-08-30T02:58:33.823Z"}
error: undefined {"timestamp":"2020-08-30T02:58:38.666Z"}
error: undefined {"timestamp":"2020-08-30T02:58:49.566Z"}
error: undefined {"timestamp":"2020-08-30T02:58:49.587Z"}
error: undefined {"timestamp":"2020-08-30T02:58:55.189Z"}
error: undefined {"timestamp":"2020-08-30T02:59:03.364Z"}
error: undefined {"timestamp":"2020-08-30T02:59:03.366Z"}
error: undefined {"timestamp":"2020-08-30T02:59:07.869Z"}
error: undefined {"stringValue":"\"undefined\"","kind":"ObjectId","value":"undefined","path":"_id","reason":{},"timestamp":"2020-08-30T03:13:37.332Z"}
error: undefined {"stringValue":"\"undefined\"","kind":"ObjectId","value":"undefined","path":"_id","reason":{},"timestamp":"2020-08-30T03:14:00.167Z"}
error: undefined {"stringValue":"\"undefined\"","kind":"ObjectId","value":"undefined","path":"_id","reason":{},"timestamp":"2020-08-30T03:14:11.234Z"}
error: undefined {"stringValue":"\"undefined\"","kind":"ObjectId","value":"undefined","path":"_id","reason":{},"timestamp":"2020-08-30T08:26:14.939Z"}
error: undefined {"stringValue":"\"undefined\"","kind":"ObjectId","value":"undefined","path":"_id","reason":{},"timestamp":"2020-08-30T08:26:50.585Z"}
error: undefined {"stringValue":"\"undefined\"","kind":"ObjectId","value":"undefined","path":"_id","reason":{},"timestamp":"2020-08-30T08:27:29.789Z"}
error: undefined {"stringValue":"\"undefined\"","kind":"ObjectId","value":"undefined","path":"_id","reason":{},"timestamp":"2020-08-30T08:28:04.695Z"}
error: undefined {"stringValue":"\"undefined\"","kind":"ObjectId","value":"undefined","path":"_id","reason":{},"timestamp":"2020-08-30T08:29:58.026Z"}
error: undefined {"stringValue":"\"undefined\"","kind":"ObjectId","value":"undefined","path":"_id","reason":{},"timestamp":"2020-08-30T08:39:52.725Z"}
error: undefined {"stringValue":"\"undefined\"","kind":"ObjectId","value":"undefined","path":"_id","reason":{},"timestamp":"2020-08-30T08:41:21.975Z"}
error: undefined {"timestamp":"2020-09-02T08:52:55.315Z"}
error: undefined {"driver":true,"name":"MongoError","index":0,"code":11000,"timestamp":"2020-09-02T08:53:26.567Z"}
error: undefined {"timestamp":"2020-09-02T08:53:40.011Z"}
error: undefined {"timestamp":"2020-09-02T08:54:01.042Z"}
error: undefined {"driver":true,"name":"MongoError","index":0,"code":11000,"timestamp":"2020-09-02T09:04:39.745Z"}
error: undefined {"errors":{"role":{"stringValue":"\"admin\"","kind":"Number","value":"admin","path":"role","reason":{"generatedMessage":true,"code":"ERR_ASSERTION","actual":false,"expected":true,"operator":"=="}}},"_message":"User validation failed","timestamp":"2020-09-02T10:45:19.909Z"}
error: undefined {"driver":true,"name":"MongoError","index":0,"code":11000,"timestamp":"2020-09-02T17:02:59.842Z"}
error: undefined {"errors":{"password":{"name":"ValidatorError","message":"Path `password` (`yyhu87`) is shorter than the minimum allowed length (8).","properties":{"message":"Path `password` (`yyhu87`) is shorter than the minimum allowed length (8).","type":"minlength","minlength":8,"path":"password","value":"yyhu87"},"kind":"minlength","path":"password","value":"yyhu87"}},"_message":"User validation failed","timestamp":"2020-09-02T17:26:50.906Z"}
error: undefined {"errors":{"password":{"name":"ValidatorError","message":"Path `password` (`yyhu87`) is shorter than the minimum allowed length (8).","properties":{"message":"Path `password` (`yyhu87`) is shorter than the minimum allowed length (8).","type":"minlength","minlength":8,"path":"password","value":"yyhu87"},"kind":"minlength","path":"password","value":"yyhu87"}},"_message":"User validation failed","timestamp":"2020-09-02T17:26:52.235Z"}
error: undefined {"errors":{"password":{"name":"ValidatorError","message":"Path `password` (`uyg78`) is shorter than the minimum allowed length (8).","properties":{"message":"Path `password` (`uyg78`) is shorter than the minimum allowed length (8).","type":"minlength","minlength":8,"path":"password","value":"uyg78"},"kind":"minlength","path":"password","value":"uyg78"},"role":{"name":"ValidatorError","message":"Role can only be 0 or 1","properties":{"message":"Role can only be 0 or 1","type":"user defined","path":"role","value":8,"reason":{}},"kind":"user defined","path":"role","value":8,"reason":{}}},"_message":"User validation failed","timestamp":"2020-09-02T17:29:52.870Z"}
error: undefined {"errors":{"password":{"name":"ValidatorError","message":"Path `password` is required.","properties":{"message":"Path `password` is required.","type":"required","path":"password"},"kind":"required","path":"password"},"email":{"name":"ValidatorError","message":"Path `email` is required.","properties":{"message":"Path `email` is required.","type":"required","path":"email"},"kind":"required","path":"email"},"l_name":{"name":"ValidatorError","message":"Path `l_name` is required.","properties":{"message":"Path `l_name` is required.","type":"required","path":"l_name"},"kind":"required","path":"l_name"},"f_name":{"name":"ValidatorError","message":"Path `f_name` is required.","properties":{"message":"Path `f_name` is required.","type":"required","path":"f_name"},"kind":"required","path":"f_name"}},"_message":"User validation failed","timestamp":"2020-09-02T17:32:27.509Z"}
error: undefined {"errors":{"password":{"name":"ValidatorError","message":"Path `password` is required.","properties":{"message":"Path `password` is required.","type":"required","path":"password"},"kind":"required","path":"password"},"email":{"name":"ValidatorError","message":"Path `email` is required.","properties":{"message":"Path `email` is required.","type":"required","path":"email"},"kind":"required","path":"email"},"l_name":{"name":"ValidatorError","message":"Path `l_name` is required.","properties":{"message":"Path `l_name` is required.","type":"required","path":"l_name"},"kind":"required","path":"l_name"},"f_name":{"name":"ValidatorError","message":"Path `f_name` is required.","properties":{"message":"Path `f_name` is required.","type":"required","path":"f_name"},"kind":"required","path":"f_name"}},"_message":"User validation failed","timestamp":"2020-09-02T17:33:50.432Z"}
error: undefined {"errors":{"password":{"name":"ValidatorError","message":"Path `password` is required.","properties":{"message":"Path `password` is required.","type":"required","path":"password"},"kind":"required","path":"password"},"email":{"name":"ValidatorError","message":"Path `email` is required.","properties":{"message":"Path `email` is required.","type":"required","path":"email"},"kind":"required","path":"email"},"l_name":{"name":"ValidatorError","message":"Path `l_name` is required.","properties":{"message":"Path `l_name` is required.","type":"required","path":"l_name"},"kind":"required","path":"l_name"},"f_name":{"name":"ValidatorError","message":"Path `f_name` is required.","properties":{"message":"Path `f_name` is required.","type":"required","path":"f_name"},"kind":"required","path":"f_name"}},"_message":"User validation failed","timestamp":"2020-09-02T17:39:14.115Z"}
